<?xml version="1.0" encoding="UTF-8"?>
<!-- Generated by org.testng.reporters.JUnitReportReporter -->
<testsuite skipped="0" hostname="G1C2ML15541" name="ExtentReport.Version3.Extentreport" tests="3" failures="0" timestamp="29 Aug 2018 09:46:09 GMT" time="10.418" errors="0">
  <testcase name="login" time="9.199" classname="ExtentReport.Version3.Extentreport"/>
  <testcase name="logout" time="0.951" classname="ExtentReport.Version3.Extentreport"/>
  <testcase name="logout2" time="0.268" classname="ExtentReport.Version3.Extentreport"/>
</testsuite> <!-- ExtentReport.Version3.Extentreport -->
