<?xml version="1.0" encoding="UTF-8"?>
<!-- Generated by org.testng.reporters.JUnitReportReporter -->
<testsuite skipped="0" hostname="G1C2ML15541" name="ExtentReport.Version3.NewTest" tests="1" failures="0" timestamp="30 Aug 2018 10:11:20 GMT" time="0.006" errors="0">
  <testcase name="f" time="0.006" classname="ExtentReport.Version3.NewTest"/>
</testsuite> <!-- ExtentReport.Version3.NewTest -->
