<?xml version="1.0" encoding="UTF-8"?>
<!-- Generated by org.testng.reporters.JUnitReportReporter -->
<testsuite skipped="0" hostname="G1C2ML15541" name="ExtentReport.Version3.call" tests="3" failures="0" timestamp="30 Aug 2018 11:09:21 GMT" time="28.766" errors="0">
  <testcase name="main" time="11.876" classname="ExtentReport.Version3.call"/>
  <testcase name="main3" time="8.477" classname="ExtentReport.Version3.call"/>
  <testcase name="main1" time="8.413" classname="ExtentReport.Version3.call"/>
</testsuite> <!-- ExtentReport.Version3.call -->
